================================================================================
CRYPTO STRATEGY P&L ANALYSIS (5-YEAR)
================================================================================

📥 Downloading 11 crypto pairs...
   ✅ Downloaded 11 pairs, 1827 days

🚀 Running backtest with daily P&L tracking...
   📅 2020-10-10: Equity=$100,000
   📅 2021-10-10: Equity=$87,422
   📅 2022-10-10: Equity=$82,688
   📅 2023-10-10: Equity=$95,652
   📅 2024-10-09: Equity=$156,295
   📅 2025-10-09: Equity=$254,049

================================================================================
MONTHLY & YEARLY P&L ANALYSIS
================================================================================

📅 MONTHLY P&L SUMMARY
================================================================================
Month                 P&L   Return %          Equity      Cumulative
--------------------------------------------------------------------------------
2020-10      $  -1,366.74 +     0.00% $       98,633 $       -1,367
2020-11      $  -5,729.41     -5.81% $       92,904 $       -7,096
2020-12      $   7,375.83 +     7.94% $      100,280 $          280
2021-01      $  -2,979.65     -2.97% $       97,300 $       -2,700
2021-02      $  -6,529.00     -6.71% $       90,771 $       -9,229
2021-03      $  -1,615.51     -1.78% $       89,156 $      -10,844
2021-04      $   3,900.81 +     4.38% $       93,056 $       -6,944
2021-05      $   1,398.57 +     1.50% $       94,455 $       -5,545
2021-06      $  -6,957.48     -7.37% $       87,497 $      -12,503
2021-07      $   2,132.83 +     2.44% $       89,630 $      -10,370
2021-08      $  -2,887.62     -3.22% $       86,743 $      -13,257
2021-09      $    -379.39     -0.44% $       86,363 $      -13,637
2021-10      $   4,439.29 +     5.14% $       90,803 $       -9,197
2021-11      $  -1,135.36     -1.25% $       89,667 $      -10,333
2021-12      $       8.60 +     0.01% $       89,676 $      -10,324
2022-01      $  -1,328.28     -1.48% $       88,347 $      -11,653
2022-02      $   4,420.37 +     5.00% $       92,768 $       -7,232
2022-03      $   1,835.48 +     1.98% $       94,603 $       -5,397
2022-04      $  -1,602.56     -1.69% $       93,001 $       -6,999
2022-05      $  -3,105.09     -3.34% $       89,896 $      -10,104
2022-06      $  -1,139.41     -1.27% $       88,756 $      -11,244
2022-07      $  -2,551.67     -2.87% $       86,205 $      -13,795
2022-08      $  -2,829.30     -3.28% $       83,375 $      -16,625
2022-09      $  -2,398.94     -2.88% $       80,976 $      -19,024
2022-10      $  -1,361.56     -1.68% $       79,615 $      -20,385
2022-11      $   6,603.45 +     8.29% $       86,218 $      -13,782
2022-12      $   2,769.78 +     3.21% $       88,988 $      -11,012
2023-01      $   3,787.61 +     4.26% $       92,776 $       -7,224
2023-02      $  -1,278.85     -1.38% $       91,497 $       -8,503
2023-03      $   2,934.93 +     3.21% $       94,432 $       -5,568
2023-04      $     -68.42     -0.07% $       94,363 $       -5,637
2023-05      $       0.00 +     0.00% $       94,363 $       -5,637
2023-06      $   1,193.53 +     1.26% $       95,557 $       -4,443
2023-07      $     997.10 +     1.04% $       96,554 $       -3,446
2023-08      $   1,773.42 +     1.84% $       98,327 $       -1,673
2023-09      $  -2,476.24     -2.52% $       95,851 $       -4,149
2023-10      $   3,949.47 +     4.12% $       99,801 $         -199
2023-11      $  11,664.67 +    11.69% $      111,465 $       11,465
2023-12      $  27,624.01 +    24.78% $      139,089 $       39,089
2024-01      $  -3,213.24     -2.31% $      135,876 $       35,876
2024-02      $  13,918.97 +    10.24% $      149,795 $       49,795
2024-03      $   4,018.08 +     2.68% $      153,813 $       53,813
2024-04      $  -3,710.98     -2.41% $      150,102 $       50,102
2024-05      $  -1,387.63     -0.92% $      148,714 $       48,714
2024-06      $    -280.67     -0.19% $      148,434 $       48,434
2024-07      $   3,283.65 +     2.21% $      151,717 $       51,717
2024-08      $  -4,971.87     -3.28% $      146,746 $       46,746
2024-09      $   9,774.63 +     6.66% $      156,520 $       56,520
2024-10      $   1,440.85 +     0.92% $      157,961 $       57,961
2024-11      $  65,585.96 +    41.52% $      223,547 $      123,547
2024-12      $      -8.26     -0.00% $      223,539 $      123,539
2025-01      $       0.00 +     0.00% $      223,539 $      123,539
2025-02      $       0.00 +     0.00% $      223,539 $      123,539
2025-03      $   9,171.57 +     4.10% $      232,710 $      132,710
2025-04      $  13,700.67 +     5.89% $      246,411 $      146,411
2025-05      $  11,009.08 +     4.47% $      257,420 $      157,420
2025-06      $  -1,122.69     -0.44% $      256,297 $      156,297
2025-07      $       0.00 +     0.00% $      256,297 $      156,297
2025-08      $       0.00 +     0.00% $      256,297 $      156,297
2025-09      $  -2,247.95     -0.88% $      254,049 $      154,049
2025-10      $       0.00 +     0.00% $      254,049 $      154,049
--------------------------------------------------------------------------------

📊 Monthly Statistics:
   Total Months: 61
   Positive Months: 27 (44.3%)
   Average Monthly P&L: $2,525.40
   Average Monthly Return: 1.78%
   Best Month: $65,585.96 (41.52%)
   Worst Month: $-6,957.48 (-7.37%)
   Std Dev: $9,988.64

================================================================================
📆 YEARLY P&L SUMMARY
================================================================================
Year                 P&L     Return %       Final Equity
--------------------------------------------------------------------------------
2020     $        279.68 +       0.28% $         100,280
2021     $    -10,603.92      -10.60% $          89,676
2022     $       -687.73       -0.69% $          88,988
2023     $     50,101.24 +      50.10% $         139,089
2024     $     84,449.49 +      84.45% $         223,539
2025     $     30,510.68 +      30.51% $         254,049
--------------------------------------------------------------------------------

📊 Yearly Statistics:
   Total Years: 6
   Positive Years: 4/6
   Average Yearly P&L: $25,674.91
   Average Yearly Return: 25.67%
   Best Year: $84,449.49 (84.45%)
   Worst Year: $-10,603.92 (-10.60%)

================================================================================
✅ P&L ANALYSIS COMPLETE
================================================================================

📁 Files saved:
   - /Users/karlomarceloestrada/Documents/@Projects/05_strategy_factory/results/crypto/monthly_pnl.csv
   - /Users/karlomarceloestrada/Documents/@Projects/05_strategy_factory/results/crypto/yearly_pnl.csv
   - /Users/karlomarceloestrada/Documents/@Projects/05_strategy_factory/results/crypto/daily_pnl.csv
